<?xml version="1.0" encoding="UTF-8"?>
<testsuite name="com.citrus.project.SampleJavaJunit4" time="0.0" tests="1" errors="0" skipped="0" failures="0">
    <testcase name="SampleJavaJunit4.sayHelloFromJunit" classname="com.citrus.project.SampleJavaJunit4" time="0.0"/>
</testsuite>