<?xml version="1.0" encoding="UTF-8"?>
<testsuite name="com.citrus.project.SampleVariableDemo" time="0.0" tests="2" errors="0" skipped="0" failures="0">
    <testcase name="SampleVariableDemo.testVariable1" classname="com.citrus.project.SampleVariableDemo" time="0.0"/>
    <testcase name="SampleVariableDemo.testVariable2" classname="com.citrus.project.SampleVariableDemo" time="0.0"/>
</testsuite>